# JRE version: OpenJDK Runtime Environment Microsoft-8035246 (17.0.8+7) (build 17.0.8+7-LTS)
# Java VM: OpenJDK 64-Bit Server VM Microsoft-8035246 (17.0.8+7-LTS, mixed mode, sharing, tiered, compressed oops, compressed class ptrs, g1 gc, windows-amd64)
GC Precious Log:
 CPUs: 8 total, 8 available
 Memory: 8067M
 Large Page Support: Disabled
 NUMA Support: Disabled
 Compressed Oops: Enabled (32-bit)
 Heap Region Size: 1M
 Heap Min Capacity: 8M
 Heap Initial Capacity: 128M
 Heap Max Capacity: 2G
 Pre-touch: Disabled
 Parallel Workers: 8
 Concurrent Workers: 2
 Concurrent Refinement Workers: 8
 Periodic GC: Disabled
Heap:
 garbage-first heap   total 352256K, used 201214K [0x0000000080000000, 0x0000000100000000)
  region size 1024K, 9 young (9216K), 4 survivors (4096K)
 Metaspace       used 103364K, committed 104512K, reserved 557056K
  class space    used 14310K, committed 14848K, reserved 425984K
GC Heap History (20 events):
Event: 45.112 GC heap before
{Heap before GC invocations=40 (full 0):
 garbage-first heap   total 165888K, used 97257K [0x0000000080000000, 0x0000000100000000)
  region size 1024K, 8 young (8192K), 4 survivors (4096K)
 Metaspace       used 76863K, committed 77632K, reserved 557056K
  class space    used 10673K, committed 11008K, reserved 425984K
}
Event: 45.118 GC heap after
{Heap after GC invocations=41 (full 0):
 garbage-first heap   total 165888K, used 92750K [0x0000000080000000, 0x0000000100000000)
  region size 1024K, 1 young (1024K), 1 survivors (1024K)
 Metaspace       used 76863K, committed 77632K, reserved 557056K
  class space    used 10673K, committed 11008K, reserved 425984K
}
Event: 45.476 GC heap before
{Heap before GC invocations=41 (full 0):
 garbage-first heap   total 165888K, used 130638K [0x0000000080000000, 0x0000000100000000)
  region size 1024K, 38 young (38912K), 1 survivors (1024K)
 Metaspace       used 78039K, committed 78784K, reserved 557056K
  class space    used 10831K, committed 11200K, reserved 425984K
}
Event: 45.482 GC heap after
{Heap after GC invocations=42 (full 0):
 garbage-first heap   total 356352K, used 95006K [0x0000000080000000, 0x0000000100000000)
  region size 1024K, 3 young (3072K), 3 survivors (3072K)
 Metaspace       used 78039K, committed 78784K, reserved 557056K
  class space    used 10831K, committed 11200K, reserved 425984K
}
Event: 68.715 GC heap before
{Heap before GC invocations=43 (full 0):
 garbage-first heap   total 352256K, used 242462K [0x0000000080000000, 0x0000000100000000)
  region size 1024K, 147 young (150528K), 3 survivors (3072K)
 Metaspace       used 86736K, committed 87488K, reserved 557056K
  class space    used 12197K, committed 12544K, reserved 425984K
}
Event: 68.731 GC heap after
{Heap after GC invocations=44 (full 0):
 garbage-first heap   total 352256K, used 101673K [0x0000000080000000, 0x0000000100000000)
  region size 1024K, 10 young (10240K), 10 survivors (10240K)
 Metaspace       used 86736K, committed 87488K, reserved 557056K
  class space    used 12197K, committed 12544K, reserved 425984K
}
Event: 68.884 GC heap before
{Heap before GC invocations=44 (full 0):
 garbage-first heap   total 352256K, used 108841K [0x0000000080000000, 0x0000000100000000)
  region size 1024K, 17 young (17408K), 10 survivors (10240K)
 Metaspace       used 87037K, committed 87808K, reserved 557056K
  class space    used 12238K, committed 12608K, reserved 425984K
}
Event: 68.893 GC heap after
{Heap after GC invocations=45 (full 0):
 garbage-first heap   total 352256K, used 102511K [0x0000000080000000, 0x0000000100000000)
  region size 1024K, 2 young (2048K), 2 survivors (2048K)
 Metaspace       used 87037K, committed 87808K, reserved 557056K
  class space    used 12238K, committed 12608K, reserved 425984K
}
Event: 75.676 GC heap before
{Heap before GC invocations=45 (full 0):
 garbage-first heap   total 352256K, used 270447K [0x0000000080000000, 0x0000000100000000)
  region size 1024K, 160 young (163840K), 2 survivors (2048K)
 Metaspace       used 90897K, committed 91840K, reserved 557056K
  class space    used 12758K, committed 13184K, reserved 425984K
}
Event: 75.713 GC heap after
{Heap after GC invocations=46 (full 0):
 garbage-first heap   total 352256K, used 137919K [0x0000000080000000, 0x0000000100000000)
  region size 1024K, 20 young (20480K), 20 survivors (20480K)
 Metaspace       used 90897K, committed 91840K, reserved 557056K
  class space    used 12758K, committed 13184K, reserved 425984K
}
Event: 82.435 GC heap before
{Heap before GC invocations=46 (full 0):
 garbage-first heap   total 352256K, used 265919K [0x0000000080000000, 0x0000000100000000)
  region size 1024K, 143 young (146432K), 20 survivors (20480K)
 Metaspace       used 96952K, committed 98048K, reserved 557056K
  class space    used 13565K, committed 14080K, reserved 425984K
}
Event: 82.491 GC heap after
{Heap after GC invocations=47 (full 0):
 garbage-first heap   total 352256K, used 159878K [0x0000000080000000, 0x0000000100000000)
  region size 1024K, 18 young (18432K), 18 survivors (18432K)
 Metaspace       used 96952K, committed 98048K, reserved 557056K
  class space    used 13565K, committed 14080K, reserved 425984K
}
Event: 85.629 GC heap before
{Heap before GC invocations=47 (full 0):
 garbage-first heap   total 352256K, used 269446K [0x0000000080000000, 0x0000000100000000)
  region size 1024K, 125 young (128000K), 18 survivors (18432K)
 Metaspace       used 99652K, committed 100736K, reserved 557056K
  class space    used 13884K, committed 14400K, reserved 425984K
}
Event: 85.667 GC heap after
{Heap after GC invocations=48 (full 0):
 garbage-first heap   total 352256K, used 173020K [0x0000000080000000, 0x0000000100000000)
  region size 1024K, 12 young (12288K), 12 survivors (12288K)
 Metaspace       used 99652K, committed 100736K, reserved 557056K
  class space    used 13884K, committed 14400K, reserved 425984K
}
Event: 87.910 GC heap before
{Heap before GC invocations=49 (full 0):
 garbage-first heap   total 352256K, used 279516K [0x0000000080000000, 0x0000000100000000)
  region size 1024K, 112 young (114688K), 12 survivors (12288K)
 Metaspace       used 102739K, committed 103808K, reserved 557056K
  class space    used 14216K, committed 14720K, reserved 425984K
}
Event: 87.934 GC heap after
{Heap after GC invocations=50 (full 0):
 garbage-first heap   total 352256K, used 184291K [0x0000000080000000, 0x0000000100000000)
  region size 1024K, 12 young (12288K), 12 survivors (12288K)
 Metaspace       used 102739K, committed 103808K, reserved 557056K
  class space    used 14216K, committed 14720K, reserved 425984K
}
Event: 88.041 GC heap before
{Heap before GC invocations=50 (full 0):
 garbage-first heap   total 352256K, used 188387K [0x0000000080000000, 0x0000000100000000)
  region size 1024K, 17 young (17408K), 12 survivors (12288K)
 Metaspace       used 102962K, committed 104064K, reserved 557056K
  class space    used 14275K, committed 14784K, reserved 425984K
}
Event: 88.055 GC heap after
{Heap after GC invocations=51 (full 0):
 garbage-first heap   total 352256K, used 184884K [0x0000000080000000, 0x0000000100000000)
  region size 1024K, 2 young (2048K), 2 survivors (2048K)
 Metaspace       used 102962K, committed 104064K, reserved 557056K
  class space    used 14275K, committed 14784K, reserved 425984K
}
Event: 89.039 GC heap before
{Heap before GC invocations=51 (full 0):
 garbage-first heap   total 352256K, used 279092K [0x0000000080000000, 0x0000000100000000)
  region size 1024K, 95 young (97280K), 2 survivors (2048K)
 Metaspace       used 103339K, committed 104512K, reserved 557056K
  class space    used 14310K, committed 14848K, reserved 425984K
}
Event: 89.049 GC heap after
{Heap after GC invocations=52 (full 0):
 garbage-first heap   total 352256K, used 191860K [0x0000000080000000, 0x0000000100000000)
  region size 1024K, 9 young (9216K), 9 survivors (9216K)
 Metaspace       used 103339K, committed 104512K, reserved 557056K
  class space    used 14310K, committed 14848K, reserved 425984K
}

